# JRE version: 7.0_13-b20
# Java VM: Java HotSpot(TM) Client VM (23.7-b01 mixed mode, sharing windows-x86 )
Heap
 def new generation   total 25152K, used 2752K [0x22ab0000, 0x245f0000, 0x28000000)
  eden space 22400K,   0% used [0x22ab0000, 0x22ab0000, 0x24090000)
  from space 2752K, 100% used [0x24090000, 0x24340000, 0x24340000)
  to   space 2752K,   0% used [0x24340000, 0x24340000, 0x245f0000)
 tenured generation   total 59116K, used 59111K [0x28000000, 0x2b9bb000, 0x32ab0000)
   the space 59116K,  99% used [0x28000000, 0x2b9b9e60, 0x2b9ba000, 0x2b9bb000)
 compacting perm gen  total 12288K, used 2627K [0x32ab0000, 0x336b0000, 0x36ab0000)
   the space 12288K,  21% used [0x32ab0000, 0x32d40ed0, 0x32d41000, 0x336b0000)
    ro space 10240K,  42% used [0x36ab0000, 0x36ef1958, 0x36ef1a00, 0x374b0000)
    rw space 12288K,  54% used [0x374b0000, 0x37b325f0, 0x37b32600, 0x380b0000)
GC Heap History (10 events):
Event: 6.339 GC heap after
Heap after GC invocations=19 (full 3):
 def new generation   total 4992K, used 511K [0x22ab0000, 0x23010000, 0x28000000)
  eden space 4480K,   0% used [0x22ab0000, 0x22ab0000, 0x22f10000)
  from space 512K,  99% used [0x22f10000, 0x22f8ffe0, 0x22f90000)
  to   space 512K,   0% used [0x22f90000, 0x22f90000, 0x23010000)
 tenured generation   total 10944K, used 10269K [0x28000000, 0x28ab0000, 0x32ab0000)
   the space 10944K,  93% used [0x28000000, 0x28a07630, 0x28a07800, 0x28ab0000)
 compacting perm gen  total 12288K, used 1994K [0x32ab0000, 0x336b0000, 0x36ab0000)
   the space 12288K,  16% used [0x32ab0000, 0x32ca2b80, 0x32ca2c00, 0x336b0000)
    ro space 10240K,  42% used [0x36ab0000, 0x36ef1958, 0x36ef1a00, 0x374b0000)
    rw space 12288K,  54% used [0x374b0000, 0x37b325f0, 0x37b32600, 0x380b0000)
}
Event: 6.346 GC heap before
{Heap before GC invocations=19 (full 3):
 def new generation   total 4992K, used 4991K [0x22ab0000, 0x23010000, 0x28000000)
  eden space 4480K, 100% used [0x22ab0000, 0x22f10000, 0x22f10000)
  from space 512K,  99% used [0x22f10000, 0x22f8ffe0, 0x22f90000)
  to   space 512K,   0% used [0x22f90000, 0x22f90000, 0x23010000)
 tenured generation   total 10944K, used 10269K [0x28000000, 0x28ab0000, 0x32ab0000)
   the space 10944K,  93% used [0x28000000, 0x28a07630, 0x28a07800, 0x28ab0000)
 compacting perm gen  total 12288K, used 1994K [0x32ab0000, 0x336b0000, 0x36ab0000)
   the space 12288K,  16% used [0x32ab0000, 0x32ca2b80, 0x32ca2c00, 0x336b0000)
    ro space 10240K,  42% used [0x36ab0000, 0x36ef1958, 0x36ef1a00, 0x374b0000)
    rw space 12288K,  54% used [0x374b0000, 0x37b325f0, 0x37b32600, 0x380b0000)
Event: 6.446 GC heap after
Heap after GC invocations=20 (full 4):
 def new generation   total 11136K, used 369K [0x22ab0000, 0x236c0000, 0x28000000)
  eden space 9920K,   3% used [0x22ab0000, 0x22b0c460, 0x23460000)
  from space 1216K,   0% used [0x23460000, 0x23460000, 0x23590000)
  to   space 1216K,   0% used [0x23590000, 0x23590000, 0x236c0000)
 tenured generation   total 24640K, used 14783K [0x28000000, 0x29810000, 0x32ab0000)
   the space 24640K,  59% used [0x28000000, 0x28e6ffa8, 0x28e70000, 0x29810000)
 compacting perm gen  total 12288K, used 1994K [0x32ab0000, 0x336b0000, 0x36ab0000)
   the space 12288K,  16% used [0x32ab0000, 0x32ca2938, 0x32ca2a00, 0x336b0000)
    ro space 10240K,  42% used [0x36ab0000, 0x36ef1958, 0x36ef1a00, 0x374b0000)
    rw space 12288K,  54% used [0x374b0000, 0x37b325f0, 0x37b32600, 0x380b0000)
}
Event: 6.472 GC heap before
{Heap before GC invocations=20 (full 4):
 def new generation   total 11136K, used 9920K [0x22ab0000, 0x236c0000, 0x28000000)
  eden space 9920K, 100% used [0x22ab0000, 0x23460000, 0x23460000)
  from space 1216K,   0% used [0x23460000, 0x23460000, 0x23590000)
  to   space 1216K,   0% used [0x23590000, 0x23590000, 0x236c0000)
 tenured generation   total 24640K, used 14783K [0x28000000, 0x29810000, 0x32ab0000)
   the space 24640K,  59% used [0x28000000, 0x28e6ffa8, 0x28e70000, 0x29810000)
 compacting perm gen  total 12288K, used 1994K [0x32ab0000, 0x336b0000, 0x36ab0000)
   the space 12288K,  16% used [0x32ab0000, 0x32ca2938, 0x32ca2a00, 0x336b0000)
    ro space 10240K,  42% used [0x36ab0000, 0x36ef1958, 0x36ef1a00, 0x374b0000)
    rw space 12288K,  54% used [0x374b0000, 0x37b325f0, 0x37b32600, 0x380b0000)
Event: 6.517 GC heap after
Heap after GC invocations=21 (full 4):
 def new generation   total 11136K, used 1215K [0x22ab0000, 0x236c0000, 0x28000000)
  eden space 9920K,   0% used [0x22ab0000, 0x22ab0000, 0x23460000)
  from space 1216K,  99% used [0x23590000, 0x236bfdb8, 0x236c0000)
  to   space 1216K,   0% used [0x23460000, 0x23460000, 0x23590000)
 tenured generation   total 24640K, used 23450K [0x28000000, 0x29810000, 0x32ab0000)
   the space 24640K,  95% used [0x28000000, 0x296e6ab0, 0x296e6c00, 0x29810000)
 compacting perm gen  total 12288K, used 1994K [0x32ab0000, 0x336b0000, 0x36ab0000)
   the space 12288K,  16% used [0x32ab0000, 0x32ca2938, 0x32ca2a00, 0x336b0000)
    ro space 10240K,  42% used [0x36ab0000, 0x36ef1958, 0x36ef1a00, 0x374b0000)
    rw space 12288K,  54% used [0x374b0000, 0x37b325f0, 0x37b32600, 0x380b0000)
}
Event: 6.532 GC heap before
{Heap before GC invocations=21 (full 4):
 def new generation   total 11136K, used 11135K [0x22ab0000, 0x236c0000, 0x28000000)
  eden space 9920K, 100% used [0x22ab0000, 0x23460000, 0x23460000)
  from space 1216K,  99% used [0x23590000, 0x236bfdb8, 0x236c0000)
  to   space 1216K,   0% used [0x23460000, 0x23460000, 0x23590000)
 tenured generation   total 24640K, used 23450K [0x28000000, 0x29810000, 0x32ab0000)
   the space 24640K,  95% used [0x28000000, 0x296e6ab0, 0x296e6c00, 0x29810000)
 compacting perm gen  total 12288K, used 1994K [0x32ab0000, 0x336b0000, 0x36ab0000)
   the space 12288K,  16% used [0x32ab0000, 0x32ca2938, 0x32ca2a00, 0x336b0000)
    ro space 10240K,  42% used [0x36ab0000, 0x36ef1958, 0x36ef1a00, 0x374b0000)
    rw space 12288K,  54% used [0x374b0000, 0x37b325f0, 0x37b32600, 0x380b0000)
Event: 6.680 GC heap after
Heap after GC invocations=22 (full 5):
 def new generation   total 25152K, used 1094K [0x22ab0000, 0x245f0000, 0x28000000)
  eden space 22400K,   4% used [0x22ab0000, 0x22bc1988, 0x24090000)
  from space 2752K,   0% used [0x24090000, 0x24090000, 0x24340000)
  to   space 2752K,   0% used [0x24340000, 0x24340000, 0x245f0000)
 tenured generation   total 55788K, used 33471K [0x28000000, 0x2b67b000, 0x32ab0000)
   the space 55788K,  59% used [0x28000000, 0x2a0aff10, 0x2a0b0000, 0x2b67b000)
 compacting perm gen  total 12288K, used 1994K [0x32ab0000, 0x336b0000, 0x36ab0000)
   the space 12288K,  16% used [0x32ab0000, 0x32ca2938, 0x32ca2a00, 0x336b0000)
    ro space 10240K,  42% used [0x36ab0000, 0x36ef1958, 0x36ef1a00, 0x374b0000)
    rw space 12288K,  54% used [0x374b0000, 0x37b325f0, 0x37b32600, 0x380b0000)
}
Event: 6.887 GC heap before
{Heap before GC invocations=22 (full 5):
 def new generation   total 25152K, used 22400K [0x22ab0000, 0x245f0000, 0x28000000)
  eden space 22400K, 100% used [0x22ab0000, 0x24090000, 0x24090000)
  from space 2752K,   0% used [0x24090000, 0x24090000, 0x24340000)
  to   space 2752K,   0% used [0x24340000, 0x24340000, 0x245f0000)
 tenured generation   total 55788K, used 33471K [0x28000000, 0x2b67b000, 0x32ab0000)
   the space 55788K,  59% used [0x28000000, 0x2a0aff10, 0x2a0b0000, 0x2b67b000)
 compacting perm gen  total 12288K, used 2024K [0x32ab0000, 0x336b0000, 0x36ab0000)
   the space 12288K,  16% used [0x32ab0000, 0x32caa008, 0x32caa200, 0x336b0000)
    ro space 10240K,  42% used [0x36ab0000, 0x36ef1958, 0x36ef1a00, 0x374b0000)
    rw space 12288K,  54% used [0x374b0000, 0x37b325f0, 0x37b32600, 0x380b0000)
Event: 6.981 GC heap after
Heap after GC invocations=23 (full 5):
 def new generation   total 25152K, used 2752K [0x22ab0000, 0x245f0000, 0x28000000)
  eden space 22400K,   0% used [0x22ab0000, 0x22ab0000, 0x24090000)
  from space 2752K, 100% used [0x24340000, 0x245f0000, 0x245f0000)
  to   space 2752K,   0% used [0x24090000, 0x24090000, 0x24340000)
 tenured generation   total 55788K, used 50192K [0x28000000, 0x2b67b000, 0x32ab0000)
   the space 55788K,  89% used [0x28000000, 0x2b104348, 0x2b104400, 0x2b67b000)
 compacting perm gen  total 12288K, used 2024K [0x32ab0000, 0x336b0000, 0x36ab0000)
   the space 12288K,  16% used [0x32ab0000, 0x32caa008, 0x32caa200, 0x336b0000)
    ro space 10240K,  42% used [0x36ab0000, 0x36ef1958, 0x36ef1a00, 0x374b0000)
    rw space 12288K,  54% used [0x374b0000, 0x37b325f0, 0x37b32600, 0x380b0000)
}
Event: 18.945 GC heap before
{Heap before GC invocations=23 (full 5):
 def new generation   total 25152K, used 25152K [0x22ab0000, 0x245f0000, 0x28000000)
  eden space 22400K, 100% used [0x22ab0000, 0x24090000, 0x24090000)
  from space 2752K, 100% used [0x24340000, 0x245f0000, 0x245f0000)
  to   space 2752K,   0% used [0x24090000, 0x24090000, 0x24340000)
 tenured generation   total 55788K, used 50192K [0x28000000, 0x2b67b000, 0x32ab0000)
   the space 55788K,  89% used [0x28000000, 0x2b104348, 0x2b104400, 0x2b67b000)
 compacting perm gen  total 12288K, used 2627K [0x32ab0000, 0x336b0000, 0x36ab0000)
   the space 12288K,  21% used [0x32ab0000, 0x32d40ed0, 0x32d41000, 0x336b0000)
    ro space 10240K,  42% used [0x36ab0000, 0x36ef1958, 0x36ef1a00, 0x374b0000)
    rw space 12288K,  54% used [0x374b0000, 0x37b325f0, 0x37b32600, 0x380b0000)

